c:\users\skiph\downloads\project2helpercode\parser\debug\vc140.pdb
c:\users\skiph\downloads\project2helpercode\parser\debug\vc140.idb
c:\users\skiph\downloads\project2helpercode\parser\debug\filesystem.obj
c:\users\skiph\downloads\project2helpercode\parser\debug\scopestack.obj
c:\users\skiph\downloads\project2helpercode\parser\debug\semiexp.obj
c:\users\skiph\downloads\project2helpercode\parser\debug\tokenizer.obj
c:\users\skiph\downloads\project2helpercode\parser\debug\utilities.obj
c:\users\skiph\downloads\project2helpercode\parser\debug\actionsandrules.obj
c:\users\skiph\downloads\project2helpercode\parser\debug\configureparser.obj
c:\users\skiph\downloads\project2helpercode\parser\debug\parser.obj
c:\users\skiph\onedrive\documents\github\spa-platform\parallel dependency analysis\parallel dependency analysis\parser\debug\vc140.pdb
c:\users\skiph\onedrive\documents\github\spa-platform\parallel dependency analysis\parallel dependency analysis\parser\debug\vc140.idb
c:\users\skiph\onedrive\documents\github\spa-platform\parallel dependency analysis\parallel dependency analysis\parser\debug\filesystem.obj
c:\users\skiph\onedrive\documents\github\spa-platform\parallel dependency analysis\parallel dependency analysis\parser\debug\scopestack.obj
c:\users\skiph\onedrive\documents\github\spa-platform\parallel dependency analysis\parallel dependency analysis\parser\debug\semiexp.obj
c:\users\skiph\onedrive\documents\github\spa-platform\parallel dependency analysis\parallel dependency analysis\parser\debug\tokenizer.obj
c:\users\skiph\onedrive\documents\github\spa-platform\parallel dependency analysis\parallel dependency analysis\parser\debug\utilities.obj
c:\users\skiph\onedrive\documents\github\spa-platform\parallel dependency analysis\parallel dependency analysis\parser\debug\actionsandrules.obj
c:\users\skiph\onedrive\documents\github\spa-platform\parallel dependency analysis\parallel dependency analysis\parser\debug\configureparser.obj
c:\users\skiph\onedrive\documents\github\spa-platform\parallel dependency analysis\parallel dependency analysis\parser\debug\parser.obj
c:\users\skiph\downloads\project2helpercode\debug\parser.ilk
c:\users\skiph\downloads\project2helpercode\debug\parser.exe
c:\users\skiph\downloads\project2helpercode\debug\parser.pdb
c:\users\skiph\onedrive\documents\github\spa-platform\parallel dependency analysis\parallel dependency analysis\debug\parser.ilk
c:\users\skiph\onedrive\documents\github\spa-platform\parallel dependency analysis\parallel dependency analysis\debug\parser.exe
c:\users\skiph\onedrive\documents\github\spa-platform\parallel dependency analysis\parallel dependency analysis\debug\parser.pdb
c:\users\skiph\onedrive\documents\github\spa-platform\paralleldependencyanalysis-old\parallel dependency analysis\parser\debug\parser.tlog\cl.command.1.tlog
c:\users\skiph\onedrive\documents\github\spa-platform\paralleldependencyanalysis-old\parallel dependency analysis\parser\debug\parser.tlog\cl.read.1.tlog
c:\users\skiph\onedrive\documents\github\spa-platform\paralleldependencyanalysis-old\parallel dependency analysis\parser\debug\parser.tlog\cl.write.1.tlog
c:\users\skiph\onedrive\documents\github\spa-platform\paralleldependencyanalysis-old\parallel dependency analysis\parser\debug\parser.tlog\link.command.1.tlog
c:\users\skiph\onedrive\documents\github\spa-platform\paralleldependencyanalysis-old\parallel dependency analysis\parser\debug\parser.tlog\link.read.1.tlog
c:\users\skiph\onedrive\documents\github\spa-platform\paralleldependencyanalysis-old\parallel dependency analysis\parser\debug\parser.tlog\link.write.1.tlog
