c:\users\skiph\desktop\pr2\parser\debug\vc140.pdb
c:\users\skiph\desktop\pr2\parser\debug\vc140.idb
c:\users\skiph\desktop\pr2\parser\debug\filesystem.obj
c:\users\skiph\desktop\pr2\parser\debug\scopestack.obj
c:\users\skiph\desktop\pr2\parser\debug\semiexp.obj
c:\users\skiph\desktop\pr2\parser\debug\tokenizer.obj
c:\users\skiph\desktop\pr2\parser\debug\utilities.obj
c:\users\skiph\desktop\pr2\parser\debug\actionsandrules.obj
c:\users\skiph\desktop\pr2\parser\debug\configureparser.obj
c:\users\skiph\desktop\pr2\parser\debug\parser.obj
c:\users\skiph\desktop\pr2\debug\parser.ilk
c:\users\skiph\desktop\pr2\debug\parser.exe
c:\users\skiph\desktop\pr2\debug\parser.pdb
c:\users\skiph\desktop\parser\parser\debug\actionsandrules.obj
c:\users\skiph\desktop\parser\parser\debug\configureparser.obj
c:\users\skiph\desktop\parser\parser\debug\filesystem.obj
c:\users\skiph\desktop\parser\parser\debug\parser.obj
c:\users\skiph\desktop\parser\parser\debug\scopestack.obj
c:\users\skiph\desktop\parser\parser\debug\semiexp.obj
c:\users\skiph\desktop\parser\parser\debug\tokenizer.obj
c:\users\skiph\desktop\parser\parser\debug\utilities.obj
c:\users\skiph\desktop\parser\parser\debug\vc140.idb
c:\users\skiph\desktop\parser\parser\debug\vc140.pdb
c:\users\skiph\desktop\parser\debug\parser.pdb
c:\users\skiph\desktop\parser\debug\parser.exe
c:\users\skiph\desktop\parser\debug\parser.ilk
c:\users\skiph\desktop\parser\parser\debug\parser.tlog\cl.command.1.tlog
c:\users\skiph\desktop\parser\parser\debug\parser.tlog\cl.read.1.tlog
c:\users\skiph\desktop\parser\parser\debug\parser.tlog\cl.write.1.tlog
c:\users\skiph\desktop\parser\parser\debug\parser.tlog\link.command.1.tlog
c:\users\skiph\desktop\parser\parser\debug\parser.tlog\link.read.1.tlog
c:\users\skiph\desktop\parser\parser\debug\parser.tlog\link.write.1.tlog
