c:\users\skiph\desktop\pr2\semiexp\debug\vc140.pdb
c:\users\skiph\desktop\pr2\semiexp\debug\vc140.idb
c:\users\skiph\desktop\pr2\semiexp\debug\tokenizer.obj
c:\users\skiph\desktop\pr2\semiexp\debug\utilities.obj
c:\users\skiph\desktop\pr2\semiexp\debug\semiexp.obj
c:\users\skiph\desktop\pr2\debug\semiexp.ilk
c:\users\skiph\desktop\pr2\debug\semiexp.exe
c:\users\skiph\desktop\pr2\debug\semiexp.pdb
c:\users\skiph\desktop\parser\semiexp\debug\semiexp.obj
c:\users\skiph\desktop\parser\semiexp\debug\tokenizer.obj
c:\users\skiph\desktop\parser\semiexp\debug\utilities.obj
c:\users\skiph\desktop\parser\semiexp\debug\vc140.idb
c:\users\skiph\desktop\parser\semiexp\debug\vc140.pdb
c:\users\skiph\desktop\parser\debug\semiexp.pdb
c:\users\skiph\desktop\parser\debug\semiexp.exe
c:\users\skiph\desktop\parser\debug\semiexp.ilk
c:\users\skiph\desktop\parser\semiexp\debug\semiexp.tlog\cl.command.1.tlog
c:\users\skiph\desktop\parser\semiexp\debug\semiexp.tlog\cl.read.1.tlog
c:\users\skiph\desktop\parser\semiexp\debug\semiexp.tlog\cl.write.1.tlog
c:\users\skiph\desktop\parser\semiexp\debug\semiexp.tlog\link.command.1.tlog
c:\users\skiph\desktop\parser\semiexp\debug\semiexp.tlog\link.read.1.tlog
c:\users\skiph\desktop\parser\semiexp\debug\semiexp.tlog\link.write.1.tlog
