c:\users\skiph\desktop\dependency\paralleldependencyanalysis\paralleldependencyanalysis\debug\paralleldependencyanalysis.pdb
c:\users\skiph\desktop\dependency\paralleldependencyanalysis\paralleldependencyanalysis\debug\paralleldependencyanalysis.idb
c:\users\skiph\desktop\dependency\paralleldependencyanalysis\paralleldependencyanalysis\debug\paralleldependencyanalysis.obj
c:\users\skiph\desktop\dependency\paralleldependencyanalysis\paralleldependencyanalysis\debug\vc140.pdb
c:\users\skiph\desktop\dependency\paralleldependencyanalysis\paralleldependencyanalysis\debug\vc140.idb
c:\users\skiph\desktop\dependency\paralleldependencyanalysis\debug\paralleldependencyanalysis.lib
c:\users\skiph\desktop\dependency\paralleldependencyanalysis\debug\paralleldependencyanalysis.ilk
c:\users\skiph\desktop\dependency\paralleldependencyanalysis\debug\paralleldependencyanalysis.exe
c:\users\skiph\desktop\dependency\paralleldependencyanalysis\debug\paralleldependencyanalysis.pdb
c:\users\skiph\desktop\dependency\paralleldependencyanalysis\debug\paralleldependencyanalysis.exp
c:\users\skiph\desktop\dependency\paralleldependencyanalysis\paralleldependencyanalysis\debug\paralleldependencyanalysis.vcxprojresolveassemblyreference.cache
c:\users\skiph\desktop\dependency\paralleldependencyanalysis\paralleldependencyanalysis\debug\parallel.bb30d1f6.tlog\cl.command.1.tlog
c:\users\skiph\desktop\dependency\paralleldependencyanalysis\paralleldependencyanalysis\debug\parallel.bb30d1f6.tlog\cl.read.1.tlog
c:\users\skiph\desktop\dependency\paralleldependencyanalysis\paralleldependencyanalysis\debug\parallel.bb30d1f6.tlog\cl.write.1.tlog
c:\users\skiph\desktop\dependency\paralleldependencyanalysis\paralleldependencyanalysis\debug\parallel.bb30d1f6.tlog\lib-link.read.1.tlog
c:\users\skiph\desktop\dependency\paralleldependencyanalysis\paralleldependencyanalysis\debug\parallel.bb30d1f6.tlog\lib-link.write.1.tlog
c:\users\skiph\desktop\dependency\paralleldependencyanalysis\paralleldependencyanalysis\debug\parallel.bb30d1f6.tlog\lib.command.1.tlog
c:\users\skiph\desktop\dependency\paralleldependencyanalysis\paralleldependencyanalysis\debug\parallel.bb30d1f6.tlog\link.command.1.tlog
c:\users\skiph\desktop\dependency\paralleldependencyanalysis\paralleldependencyanalysis\debug\parallel.bb30d1f6.tlog\link.read.1.tlog
c:\users\skiph\desktop\dependency\paralleldependencyanalysis\paralleldependencyanalysis\debug\parallel.bb30d1f6.tlog\link.write.1.tlog
c:\users\skiph\desktop\dependency\paralleldependencyanalysis\paralleldependencyanalysis\debug\parallel.bb30d1f6.tlog\paralleldependencyanalysis.write.1u.tlog
