c:\users\skiph\desktop\pr2\tokenizer\debug\vc140.pdb
c:\users\skiph\desktop\pr2\tokenizer\debug\vc140.idb
c:\users\skiph\desktop\pr2\tokenizer\debug\utilities.obj
c:\users\skiph\desktop\pr2\tokenizer\debug\tokenizer.obj
c:\users\skiph\desktop\pr2\debug\tokenizer.ilk
c:\users\skiph\desktop\pr2\debug\tokenizer.exe
c:\users\skiph\desktop\pr2\debug\tokenizer.pdb
c:\users\skiph\desktop\parser\tokenizer\debug\tokenizer.obj
c:\users\skiph\desktop\parser\tokenizer\debug\utilities.obj
c:\users\skiph\desktop\parser\tokenizer\debug\vc140.idb
c:\users\skiph\desktop\parser\tokenizer\debug\vc140.pdb
c:\users\skiph\desktop\parser\debug\tokenizer.pdb
c:\users\skiph\desktop\parser\debug\tokenizer.exe
c:\users\skiph\desktop\parser\debug\tokenizer.ilk
c:\users\skiph\desktop\parser\tokenizer\debug\tokenizer.tlog\cl.command.1.tlog
c:\users\skiph\desktop\parser\tokenizer\debug\tokenizer.tlog\cl.read.1.tlog
c:\users\skiph\desktop\parser\tokenizer\debug\tokenizer.tlog\cl.write.1.tlog
c:\users\skiph\desktop\parser\tokenizer\debug\tokenizer.tlog\link.command.1.tlog
c:\users\skiph\desktop\parser\tokenizer\debug\tokenizer.tlog\link.read.1.tlog
c:\users\skiph\desktop\parser\tokenizer\debug\tokenizer.tlog\link.write.1.tlog
