c:\users\skiph\onedrive\documents\github\spa-platform\codeparser-me-0.11\parser\x64\debug\parser.pdb
c:\users\skiph\onedrive\documents\github\spa-platform\codeparser-me-0.11\parser\x64\debug\parser.idb
c:\users\skiph\onedrive\documents\github\spa-platform\codeparser-me-0.11\parser\x64\debug\filesystem.nativecodeanalysis.xml
c:\users\skiph\onedrive\documents\github\spa-platform\codeparser-me-0.11\parser\x64\debug\scopestack.nativecodeanalysis.xml
c:\users\skiph\onedrive\documents\github\spa-platform\codeparser-me-0.11\parser\x64\debug\semiexp.nativecodeanalysis.xml
c:\users\skiph\onedrive\documents\github\spa-platform\codeparser-me-0.11\parser\x64\debug\tokenizer.nativecodeanalysis.xml
c:\users\skiph\onedrive\documents\github\spa-platform\codeparser-me-0.11\parser\x64\debug\actionsandrules.nativecodeanalysis.xml
c:\users\skiph\onedrive\documents\github\spa-platform\codeparser-me-0.11\parser\x64\debug\configureparser.nativecodeanalysis.xml
c:\users\skiph\onedrive\documents\github\spa-platform\codeparser-me-0.11\parser\x64\debug\parser.nativecodeanalysis.xml
c:\users\skiph\onedrive\documents\github\spa-platform\codeparser-me-0.11\parser\x64\debug\parser.obj
c:\users\skiph\onedrive\documents\github\spa-platform\codeparser-me-0.11\parser\x64\debug\configureparser.obj
c:\users\skiph\onedrive\documents\github\spa-platform\codeparser-me-0.11\parser\x64\debug\actionsandrules.obj
c:\users\skiph\onedrive\documents\github\spa-platform\codeparser-me-0.11\parser\x64\debug\tokenizer.obj
c:\users\skiph\onedrive\documents\github\spa-platform\codeparser-me-0.11\parser\x64\debug\semiexp.obj
c:\users\skiph\onedrive\documents\github\spa-platform\codeparser-me-0.11\parser\x64\debug\scopestack.obj
c:\users\skiph\onedrive\documents\github\spa-platform\codeparser-me-0.11\parser\x64\debug\filesystem.obj
c:\users\skiph\onedrive\documents\github\spa-platform\codeparser-me-0.11\x64\debug\parser.lib
c:\users\skiph\onedrive\documents\github\spa-platform\codeparser-me-0.11\parser\x64\debug\nativecodeanalysis.read.1.tlog
c:\users\skiph\onedrive\documents\github\spa-platform\codeparser-me-0.11\parser\x64\debug\vc.nativecodeanalysis.all.xml
c:\users\skiph\onedrive\documents\github\spa-platform\codeparser-me-0.11\x64\debug\parser.pdb
c:\users\skiph\onedrive\documents\github\spa-platform\codeparser-me-0.11\x64\debug\parser.lib.lastcodeanalysissucceeded
c:\users\skiph\onedrive\documents\github\spa-platform\codeparser-me-0.11\parser\x64\debug\parser.tlog\cl.command.1.tlog
c:\users\skiph\onedrive\documents\github\spa-platform\codeparser-me-0.11\parser\x64\debug\parser.tlog\cl.read.1.tlog
c:\users\skiph\onedrive\documents\github\spa-platform\codeparser-me-0.11\parser\x64\debug\parser.tlog\cl.write.1.tlog
c:\users\skiph\onedrive\documents\github\spa-platform\codeparser-me-0.11\parser\x64\debug\parser.tlog\lib-link.read.1.tlog
c:\users\skiph\onedrive\documents\github\spa-platform\codeparser-me-0.11\parser\x64\debug\parser.tlog\lib-link.write.1.tlog
c:\users\skiph\onedrive\documents\github\spa-platform\codeparser-me-0.11\parser\x64\debug\parser.tlog\lib.command.1.tlog
