c:\users\skiph\desktop\codeparse (4)\codeparse\parser\x64\debug\vc140.pdb
c:\users\skiph\desktop\codeparse (4)\codeparse\parser\x64\debug\vc140.idb
c:\users\skiph\desktop\codeparse (4)\codeparse\parser\x64\debug\filesystem.obj
c:\users\skiph\desktop\codeparse (4)\codeparse\parser\x64\debug\scopestack.obj
c:\users\skiph\desktop\codeparse (4)\codeparse\parser\x64\debug\semiexp.obj
c:\users\skiph\desktop\codeparse (4)\codeparse\parser\x64\debug\tokenizer.obj
c:\users\skiph\desktop\codeparse (4)\codeparse\parser\x64\debug\actionsandrules.obj
c:\users\skiph\desktop\codeparse (4)\codeparse\parser\x64\debug\configureparser.obj
c:\users\skiph\desktop\codeparse (4)\codeparse\parser\x64\debug\parser.obj
c:\users\skiph\desktop\codeparse (4)\codeparse\x64\debug\parser.pdb
c:\users\skiph\desktop\codeparse (4)\codeparse\parser\x64\debug\parser.tlog\cl.command.1.tlog
c:\users\skiph\desktop\codeparse (4)\codeparse\parser\x64\debug\parser.tlog\cl.read.1.tlog
c:\users\skiph\desktop\codeparse (4)\codeparse\parser\x64\debug\parser.tlog\cl.write.1.tlog
c:\users\skiph\desktop\codeparse (4)\codeparse\parser\x64\debug\parser.tlog\link-cvtres.read.1.tlog
c:\users\skiph\desktop\codeparse (4)\codeparse\parser\x64\debug\parser.tlog\link-cvtres.write.1.tlog
c:\users\skiph\desktop\codeparse (4)\codeparse\parser\x64\debug\parser.tlog\link-rc.read.1.tlog
c:\users\skiph\desktop\codeparse (4)\codeparse\parser\x64\debug\parser.tlog\link-rc.write.1.tlog
c:\users\skiph\desktop\codeparse (4)\codeparse\parser\x64\debug\parser.tlog\link.command.1.tlog
c:\users\skiph\desktop\codeparse (4)\codeparse\parser\x64\debug\parser.tlog\link.read.1.tlog
c:\users\skiph\desktop\codeparse (4)\codeparse\parser\x64\debug\parser.tlog\link.write.1.tlog
